[35m[Appium][39m Welcome to Appium v1.22.3
[35m[Appium][39m Non-default server args:
[35m[Appium][39m   port: 61176
[35m[Appium][39m   loglevel: info
[35m[Appium][39m   tmpDir: C:\Users\CHARUK~1\AppData\Local\Temp\\Katalon\Appium\Temp1677134609453
[35m[Appium][39m   chromedriverPort: 61177
[35m[Appium][39m Deprecated server args:
[35m[Appium][39m   [31m--chromedriver-port[39m => --default-capabilities
[35m[Appium][39m Default capabilities, which will be added to each request unless overridden by desired capabilities:
[35m[Appium][39m   chromedriverPort: 61177
[35m[Appium][39m Appium REST http interface listener started on 0.0.0.0:61176
[35m[HTTP][39m [37m-->[39m [37mGET[39m [37m/wd/hub/status[39m
[35m[HTTP][39m [90m{}[39m
[35m[HTTP][39m [37m<-- GET /wd/hub/status [39m[32m200[39m [90m10 ms - 68[39m
[35m[HTTP][39m [90m[39m
[35m[HTTP][39m [37m-->[39m [37mGET[39m [37m/wd/hub/status[39m
[35m[HTTP][39m [90m{}[39m
[35m[HTTP][39m [37m<-- GET /wd/hub/status [39m[32m200[39m [90m2 ms - 68[39m
[35m[HTTP][39m [90m[39m
[35m[HTTP][39m [37m-->[39m [37mPOST[39m [37m/wd/hub/session[39m
[35m[HTTP][39m [90m{"desiredCapabilities":{"appActivity":".Settings","appPackage":"com.android.settings","newCommandTimeout":1800,"platformVersion":"12","automationName":"uiautomator2","autoGrantPermissions":true,"platformName":"Android","udid":"RR8MB0D3EZZ","deviceName":"samsung SM-N975F (Android 12)","platform":"ANDROID","systemPort":8216},"capabilities":{"firstMatch":[{"appium:appActivity":".Settings","appium:appPackage":"com.android.settings","appium:autoGrantPermissions":true,"appium:automationName":"uiautomator2","appium:deviceName":"samsung SM-N975F (Android 12)","appium:newCommandTimeout":1800,"platform":"ANDROID","platformName":"android","appium:platformVersion":"12","appium:systemPort":8216,"appium:udid":"RR8MB0D3EZZ"}]}}[39m
[35m[BaseDriver][39m The following capabilities are not standard capabilities and should have an extension prefix:
[35m[BaseDriver][39m   platform
[35m[BaseDriver][39m   chromedriverPort
[35m[Appium][39m Appium v1.22.3 creating new AndroidUiautomator2Driver (v1.70.1) session
[35m[BaseDriver][39m The following capabilities were provided, but are not recognized by Appium:
[35m[BaseDriver][39m   platform
[35m[BaseDriver][39m Session created with session id: 23b218fb-0b92-45f5-9775-f163db52481c
[35m[UiAutomator2][39m Starting 'com.android.settings' directly on the device
[35m[ADB][39m Found 1 'build-tools' folders under 'C:\Users\Charukeshi\.katalon\tools\android_sdk' (newest first):
[35m[ADB][39m     C:/Users/Charukeshi/.katalon/tools/android_sdk/build-tools/29.0.3
[35m[ADB][39m Using 'adb.exe' from 'C:\Users\Charukeshi\.katalon\tools\android_sdk\platform-tools\adb.exe'
[35m[AndroidDriver][39m Retrieving device list
[35m[AndroidDriver][39m Using device: RR8MB0D3EZZ
[35m[ADB][39m Using 'adb.exe' from 'C:\Users\Charukeshi\.katalon\tools\android_sdk\platform-tools\adb.exe'
[35m[ADB][39m Getting device platform version
[35m[UiAutomator2][39m Relaxing hidden api policy
[35m[AndroidDriver][39m No app sent in, not parsing package/activity
[35m[ADB][39m Using 'apksigner.jar' from 'C:\Users\Charukeshi\.katalon\tools\android_sdk\build-tools\29.0.3\lib\apksigner.jar'
[35m[ADB][39m 'C:\Users\Charukeshi\AppData\Roaming\npm\node_modules\appium\node_modules\appium-uiautomator2-server\apks\appium-uiautomator2-server-v4.27.0.apk' is signed with the default certificate
[35m[ADB][39m 'C:\Users\Charukeshi\AppData\Roaming\npm\node_modules\appium\node_modules\appium-uiautomator2-server\apks\appium-uiautomator2-server-debug-androidTest.apk' is signed with the default certificate
[35m[UiAutomator2][39m Server packages are not going to be (re)installed
[35m[ADB][39m Adding packages ["io.appium.settings","io.appium.uiautomator2.server","io.appium.uiautomator2.server.test"] to Doze whitelist
[35m[ADB][39m com.android.settings contains no permissions available for granting
[35m[UiAutomator2][39m Starting UIAutomator2 server 4.27.0
[35m[UiAutomator2][39m Using UIAutomator2 server from 'C:\Users\Charukeshi\AppData\Roaming\npm\node_modules\appium\node_modules\appium-uiautomator2-server\apks\appium-uiautomator2-server-v4.27.0.apk' and test from 'C:\Users\Charukeshi\AppData\Roaming\npm\node_modules\appium\node_modules\appium-uiautomator2-server\apks\appium-uiautomator2-server-debug-androidTest.apk'
[35m[UiAutomator2][39m Waiting up to 30000ms for UiAutomator2 to be online...
[35m[WD Proxy][39m socket hang up
[35m[WD Proxy][39m socket hang up
[35m[WD Proxy][39m socket hang up
[35m[WD Proxy][39m Determined the downstream protocol as 'W3C'
[35m[AndroidDriver][39m Screen already unlocked, doing nothing
[35m[UiAutomator2][39m Starting 'com.android.settings/.Settings and waiting for 'com.android.settings/.Settings'
[35m[Appium][39m New AndroidUiautomator2Driver session created successfully, session 23b218fb-0b92-45f5-9775-f163db52481c added to master session list
[35m[HTTP][39m [37m<-- POST /wd/hub/session [39m[32m200[39m [90m8982 ms - 1158[39m
[35m[HTTP][39m [90m[39m
[35m[HTTP][39m [37m-->[39m [37mGET[39m [37m/wd/hub/session/23b218fb-0b92-45f5-9775-f163db52481c[39m
[35m[HTTP][39m [90m{}[39m
[35m[HTTP][39m [37m<-- GET /wd/hub/session/23b218fb-0b92-45f5-9775-f163db52481c [39m[32m200[39m [90m12 ms - 1112[39m
[35m[HTTP][39m [90m[39m
[35m[HTTP][39m [37m-->[39m [37mGET[39m [37m/wd/hub/session/23b218fb-0b92-45f5-9775-f163db52481c[39m
[35m[HTTP][39m [90m{}[39m
[35m[HTTP][39m [37m<-- GET /wd/hub/session/23b218fb-0b92-45f5-9775-f163db52481c [39m[32m200[39m [90m7 ms - 1112[39m
[35m[HTTP][39m [90m[39m
[35m[HTTP][39m [37m-->[39m [37mGET[39m [37m/wd/hub/status[39m
[35m[HTTP][39m [90m{}[39m
[35m[HTTP][39m [37m<-- GET /wd/hub/status [39m[32m200[39m [90m1 ms - 68[39m
[35m[HTTP][39m [90m[39m
[35m[HTTP][39m [37m-->[39m [37mPOST[39m [37m/wd/hub/session/23b218fb-0b92-45f5-9775-f163db52481c/timeouts[39m
[35m[HTTP][39m [90m{"implicit":60000}[39m
[35m[HTTP][39m [37m<-- POST /wd/hub/session/23b218fb-0b92-45f5-9775-f163db52481c/timeouts [39m[32m200[39m [90m2 ms - 14[39m
[35m[HTTP][39m [90m[39m
[35m[HTTP][39m [37m-->[39m [37mGET[39m [37m/wd/hub/session/23b218fb-0b92-45f5-9775-f163db52481c/screenshot[39m
[35m[HTTP][39m [90m{}[39m
[35m[HTTP][39m [37m<-- GET /wd/hub/session/23b218fb-0b92-45f5-9775-f163db52481c/screenshot [39m[32m200[39m [90m536 ms - 269212[39m
[35m[HTTP][39m [90m[39m
[35m[HTTP][39m [37m-->[39m [37mGET[39m [37m/wd/hub/session/23b218fb-0b92-45f5-9775-f163db52481c/window/rect[39m
[35m[HTTP][39m [90m{}[39m
[35m[HTTP][39m [37m<-- GET /wd/hub/session/23b218fb-0b92-45f5-9775-f163db52481c/window/rect [39m[32m200[39m [90m23 ms - 50[39m
[35m[HTTP][39m [90m[39m
[35m[HTTP][39m [37m-->[39m [37mGET[39m [37m/wd/hub/session/23b218fb-0b92-45f5-9775-f163db52481c/appium/device/system_bars[39m
[35m[HTTP][39m [90m{}[39m
[35m[HTTP][39m [37m<-- GET /wd/hub/session/23b218fb-0b92-45f5-9775-f163db52481c/appium/device/system_bars [39m[32m200[39m [90m92 ms - 145[39m
[35m[HTTP][39m [90m[39m
[35m[HTTP][39m [37m-->[39m [37mPOST[39m [37m/wd/hub/session/23b218fb-0b92-45f5-9775-f163db52481c/appium/device/activate_app[39m
[35m[HTTP][39m [90m{"bundleId":"com.qrra.warehousehht.hht"}[39m
[35m[HTTP][39m [37m<-- POST /wd/hub/session/23b218fb-0b92-45f5-9775-f163db52481c/appium/device/activate_app [39m[32m200[39m [90m474 ms - 14[39m
[35m[HTTP][39m [90m[39m
[35m[HTTP][39m [37m-->[39m [37mGET[39m [37m/wd/hub/session/23b218fb-0b92-45f5-9775-f163db52481c/source[39m
[35m[HTTP][39m [90m{}[39m
[35m[W3C (23b218fb)][39m Driver proxy active, passing request on via HTTP proxy
[35m[WD Proxy][39m Replacing sessionId b13f6c4a-c520-468a-8311-0eff75e3184e with 23b218fb-0b92-45f5-9775-f163db52481c
[35m[HTTP][39m [37m<-- GET /wd/hub/session/23b218fb-0b92-45f5-9775-f163db52481c/source [39m[32m200[39m [90m1463 ms - 12006[39m
[35m[HTTP][39m [90m[39m
[35m[HTTP][39m [37m-->[39m [37mGET[39m [37m/wd/hub/session/23b218fb-0b92-45f5-9775-f163db52481c/screenshot[39m
[35m[HTTP][39m [90m{}[39m
[35m[HTTP][39m [37m<-- GET /wd/hub/session/23b218fb-0b92-45f5-9775-f163db52481c/screenshot [39m[32m200[39m [90m1339 ms - 1978352[39m
[35m[HTTP][39m [90m[39m
[35m[HTTP][39m [37m-->[39m [37mPOST[39m [37m/wd/hub/session/23b218fb-0b92-45f5-9775-f163db52481c/elements[39m
[35m[HTTP][39m [90m{"using":"xpath","value":"//*[@class = 'android.widget.EditText' and (@text = 'User ID' or . = 'User ID') and @resource-id = 'com.qrra.warehousehht.hht:id/etUsername']"}[39m
[35m[HTTP][39m [37m<-- POST /wd/hub/session/23b218fb-0b92-45f5-9775-f163db52481c/elements [39m[32m200[39m [90m448 ms - 139[39m
[35m[HTTP][39m [90m[39m
[35m[HTTP][39m [37m-->[39m [37mGET[39m [37m/wd/hub/session/23b218fb-0b92-45f5-9775-f163db52481c/window/rect[39m
[35m[HTTP][39m [90m{}[39m
[35m[HTTP][39m [37m<-- GET /wd/hub/session/23b218fb-0b92-45f5-9775-f163db52481c/window/rect [39m[32m200[39m [90m13 ms - 50[39m
[35m[HTTP][39m [90m[39m
[35m[HTTP][39m [37m-->[39m [37mPOST[39m [37m/wd/hub/session/23b218fb-0b92-45f5-9775-f163db52481c/elements[39m
[35m[HTTP][39m [90m{"using":"xpath","value":"//*[@class = 'android.widget.EditText' and (@text = 'User ID' or . = 'User ID') and @resource-id = 'com.qrra.warehousehht.hht:id/etUsername']"}[39m
[35m[HTTP][39m [37m<-- POST /wd/hub/session/23b218fb-0b92-45f5-9775-f163db52481c/elements [39m[32m200[39m [90m151 ms - 139[39m
[35m[HTTP][39m [90m[39m
[35m[HTTP][39m [37m-->[39m [37mGET[39m [37m/wd/hub/session/23b218fb-0b92-45f5-9775-f163db52481c/element/00000000-0000-004a-ffff-ffff00000044/location[39m
[35m[HTTP][39m [90m{}[39m
[35m[W3C (23b218fb)][39m Driver proxy active, passing request on via HTTP proxy
[35m[WD Proxy][39m Replacing sessionId b13f6c4a-c520-468a-8311-0eff75e3184e with 23b218fb-0b92-45f5-9775-f163db52481c
[35m[HTTP][39m [37m<-- GET /wd/hub/session/23b218fb-0b92-45f5-9775-f163db52481c/element/00000000-0000-004a-ffff-ffff00000044/location [39m[32m200[39m [90m30 ms - 79[39m
[35m[HTTP][39m [90m[39m
[35m[HTTP][39m [37m-->[39m [37mPOST[39m [37m/wd/hub/session/23b218fb-0b92-45f5-9775-f163db52481c/element/00000000-0000-004a-ffff-ffff00000044/clear[39m
[35m[HTTP][39m [90m{"id":"00000000-0000-004a-ffff-ffff00000044"}[39m
[35m[HTTP][39m [37m<-- POST /wd/hub/session/23b218fb-0b92-45f5-9775-f163db52481c/element/00000000-0000-004a-ffff-ffff00000044/clear [39m[32m200[39m [90m46 ms - 14[39m
[35m[HTTP][39m [90m[39m
[35m[HTTP][39m [37m-->[39m [37mPOST[39m [37m/wd/hub/session/23b218fb-0b92-45f5-9775-f163db52481c/element/00000000-0000-004a-ffff-ffff00000044/value[39m
[35m[HTTP][39m [90m{"id":"00000000-0000-004a-ffff-ffff00000044","text":"CHARU","value":["C","H","A","R","U"]}[39m
[35m[HTTP][39m [37m<-- POST /wd/hub/session/23b218fb-0b92-45f5-9775-f163db52481c/element/00000000-0000-004a-ffff-ffff00000044/value [39m[32m200[39m [90m1061 ms - 14[39m
[35m[HTTP][39m [90m[39m
[35m[HTTP][39m [37m-->[39m [37mGET[39m [37m/wd/hub/session/23b218fb-0b92-45f5-9775-f163db52481c/source[39m
[35m[HTTP][39m [90m{}[39m
[35m[W3C (23b218fb)][39m Driver proxy active, passing request on via HTTP proxy
[35m[WD Proxy][39m Replacing sessionId b13f6c4a-c520-468a-8311-0eff75e3184e with 23b218fb-0b92-45f5-9775-f163db52481c
[35m[HTTP][39m [37m<-- GET /wd/hub/session/23b218fb-0b92-45f5-9775-f163db52481c/source [39m[32m200[39m [90m126 ms - 12004[39m
[35m[HTTP][39m [90m[39m
[35m[HTTP][39m [37m-->[39m [37mGET[39m [37m/wd/hub/session/23b218fb-0b92-45f5-9775-f163db52481c/screenshot[39m
[35m[HTTP][39m [90m{}[39m
[35m[HTTP][39m [37m<-- GET /wd/hub/session/23b218fb-0b92-45f5-9775-f163db52481c/screenshot [39m[32m200[39m [90m1321 ms - 1982850[39m
[35m[HTTP][39m [90m[39m
[35m[HTTP][39m [37m-->[39m [37mPOST[39m [37m/wd/hub/session/23b218fb-0b92-45f5-9775-f163db52481c/elements[39m
[35m[HTTP][39m [90m{"using":"xpath","value":"//*[@class = 'android.widget.EditText' and (@text = 'Password' or . = 'Password') and @resource-id = 'com.qrra.warehousehht.hht:id/etPassword']"}[39m
[35m[HTTP][39m [37m<-- POST /wd/hub/session/23b218fb-0b92-45f5-9775-f163db52481c/elements [39m[32m200[39m [90m201 ms - 139[39m
[35m[HTTP][39m [90m[39m
[35m[HTTP][39m [37m-->[39m [37mGET[39m [37m/wd/hub/session/23b218fb-0b92-45f5-9775-f163db52481c/window/rect[39m
[35m[HTTP][39m [90m{}[39m
[35m[HTTP][39m [37m<-- GET /wd/hub/session/23b218fb-0b92-45f5-9775-f163db52481c/window/rect [39m[32m200[39m [90m16 ms - 50[39m
[35m[HTTP][39m [90m[39m
[35m[HTTP][39m [37m-->[39m [37mPOST[39m [37m/wd/hub/session/23b218fb-0b92-45f5-9775-f163db52481c/elements[39m
[35m[HTTP][39m [90m{"using":"xpath","value":"//*[@class = 'android.widget.EditText' and (@text = 'Password' or . = 'Password') and @resource-id = 'com.qrra.warehousehht.hht:id/etPassword']"}[39m
[35m[HTTP][39m [37m<-- POST /wd/hub/session/23b218fb-0b92-45f5-9775-f163db52481c/elements [39m[32m200[39m [90m167 ms - 139[39m
[35m[HTTP][39m [90m[39m
[35m[HTTP][39m [37m-->[39m [37mGET[39m [37m/wd/hub/session/23b218fb-0b92-45f5-9775-f163db52481c/element/00000000-0000-004a-ffff-ffff00000047/location[39m
[35m[HTTP][39m [90m{}[39m
[35m[W3C (23b218fb)][39m Driver proxy active, passing request on via HTTP proxy
[35m[WD Proxy][39m Replacing sessionId b13f6c4a-c520-468a-8311-0eff75e3184e with 23b218fb-0b92-45f5-9775-f163db52481c
[35m[HTTP][39m [37m<-- GET /wd/hub/session/23b218fb-0b92-45f5-9775-f163db52481c/element/00000000-0000-004a-ffff-ffff00000047/location [39m[32m200[39m [90m23 ms - 79[39m
[35m[HTTP][39m [90m[39m
[35m[HTTP][39m [37m-->[39m [37mPOST[39m [37m/wd/hub/session/23b218fb-0b92-45f5-9775-f163db52481c/element/00000000-0000-004a-ffff-ffff00000047/clear[39m
[35m[HTTP][39m [90m{"id":"00000000-0000-004a-ffff-ffff00000047"}[39m
[35m[HTTP][39m [37m<-- POST /wd/hub/session/23b218fb-0b92-45f5-9775-f163db52481c/element/00000000-0000-004a-ffff-ffff00000047/clear [39m[32m200[39m [90m30 ms - 14[39m
[35m[HTTP][39m [90m[39m
[35m[HTTP][39m [37m-->[39m [37mPOST[39m [37m/wd/hub/session/23b218fb-0b92-45f5-9775-f163db52481c/element/00000000-0000-004a-ffff-ffff00000047/value[39m
[35m[HTTP][39m [90m{"id":"00000000-0000-004a-ffff-ffff00000047","text":"QRRA2888","value":["Q","R","R","A","2","8","8","8"]}[39m
[35m[HTTP][39m [37m<-- POST /wd/hub/session/23b218fb-0b92-45f5-9775-f163db52481c/element/00000000-0000-004a-ffff-ffff00000047/value [39m[32m200[39m [90m576 ms - 14[39m
[35m[HTTP][39m [90m[39m
[35m[HTTP][39m [37m-->[39m [37mGET[39m [37m/wd/hub/session/23b218fb-0b92-45f5-9775-f163db52481c/source[39m
[35m[HTTP][39m [90m{}[39m
[35m[W3C (23b218fb)][39m Driver proxy active, passing request on via HTTP proxy
[35m[WD Proxy][39m Replacing sessionId b13f6c4a-c520-468a-8311-0eff75e3184e with 23b218fb-0b92-45f5-9775-f163db52481c
[35m[HTTP][39m [37m<-- GET /wd/hub/session/23b218fb-0b92-45f5-9775-f163db52481c/source [39m[32m200[39m [90m120 ms - 12004[39m
[35m[HTTP][39m [90m[39m
[35m[HTTP][39m [37m-->[39m [37mGET[39m [37m/wd/hub/session/23b218fb-0b92-45f5-9775-f163db52481c/screenshot[39m
[35m[HTTP][39m [90m{}[39m
[35m[HTTP][39m [37m<-- GET /wd/hub/session/23b218fb-0b92-45f5-9775-f163db52481c/screenshot [39m[32m200[39m [90m1360 ms - 1980006[39m
[35m[HTTP][39m [90m[39m
[35m[HTTP][39m [37m-->[39m [37mPOST[39m [37m/wd/hub/session/23b218fb-0b92-45f5-9775-f163db52481c/elements[39m
[35m[HTTP][39m [90m{"using":"xpath","value":"//*[@class = 'android.widget.Button' and (@text = 'LOG IN' or . = 'LOG IN') and @resource-id = 'com.qrra.warehousehht.hht:id/btnLogin']"}[39m
[35m[HTTP][39m [37m<-- POST /wd/hub/session/23b218fb-0b92-45f5-9775-f163db52481c/elements [39m[32m200[39m [90m159 ms - 139[39m
[35m[HTTP][39m [90m[39m
[35m[HTTP][39m [37m-->[39m [37mGET[39m [37m/wd/hub/session/23b218fb-0b92-45f5-9775-f163db52481c/window/rect[39m
[35m[HTTP][39m [90m{}[39m
[35m[HTTP][39m [37m<-- GET /wd/hub/session/23b218fb-0b92-45f5-9775-f163db52481c/window/rect [39m[32m200[39m [90m12 ms - 50[39m
[35m[HTTP][39m [90m[39m
[35m[HTTP][39m [37m-->[39m [37mPOST[39m [37m/wd/hub/session/23b218fb-0b92-45f5-9775-f163db52481c/elements[39m
[35m[HTTP][39m [90m{"using":"xpath","value":"//*[@class = 'android.widget.Button' and (@text = 'LOG IN' or . = 'LOG IN') and @resource-id = 'com.qrra.warehousehht.hht:id/btnLogin']"}[39m
[35m[HTTP][39m [37m<-- POST /wd/hub/session/23b218fb-0b92-45f5-9775-f163db52481c/elements [39m[32m200[39m [90m112 ms - 139[39m
[35m[HTTP][39m [90m[39m
[35m[HTTP][39m [37m-->[39m [37mGET[39m [37m/wd/hub/session/23b218fb-0b92-45f5-9775-f163db52481c/element/00000000-0000-004a-ffff-ffff00000049/location[39m
[35m[HTTP][39m [90m{}[39m
[35m[W3C (23b218fb)][39m Driver proxy active, passing request on via HTTP proxy
[35m[WD Proxy][39m Replacing sessionId b13f6c4a-c520-468a-8311-0eff75e3184e with 23b218fb-0b92-45f5-9775-f163db52481c
[35m[HTTP][39m [37m<-- GET /wd/hub/session/23b218fb-0b92-45f5-9775-f163db52481c/element/00000000-0000-004a-ffff-ffff00000049/location [39m[32m200[39m [90m18 ms - 79[39m
[35m[HTTP][39m [90m[39m
[35m[HTTP][39m [37m-->[39m [37mPOST[39m [37m/wd/hub/session/23b218fb-0b92-45f5-9775-f163db52481c/element/00000000-0000-004a-ffff-ffff00000049/click[39m
[35m[HTTP][39m [90m{"id":"00000000-0000-004a-ffff-ffff00000049"}[39m
[35m[HTTP][39m [37m<-- POST /wd/hub/session/23b218fb-0b92-45f5-9775-f163db52481c/element/00000000-0000-004a-ffff-ffff00000049/click [39m[32m200[39m [90m71 ms - 14[39m
[35m[HTTP][39m [90m[39m
[35m[HTTP][39m [37m-->[39m [37mGET[39m [37m/wd/hub/session/23b218fb-0b92-45f5-9775-f163db52481c/source[39m
[35m[HTTP][39m [90m{}[39m
[35m[W3C (23b218fb)][39m Driver proxy active, passing request on via HTTP proxy
[35m[WD Proxy][39m Replacing sessionId b13f6c4a-c520-468a-8311-0eff75e3184e with 23b218fb-0b92-45f5-9775-f163db52481c
[35m[HTTP][39m [37m<-- GET /wd/hub/session/23b218fb-0b92-45f5-9775-f163db52481c/source [39m[32m200[39m [90m1136 ms - 36574[39m
[35m[HTTP][39m [90m[39m
[35m[HTTP][39m [37m-->[39m [37mGET[39m [37m/wd/hub/session/23b218fb-0b92-45f5-9775-f163db52481c/screenshot[39m
[35m[HTTP][39m [90m{}[39m
[35m[HTTP][39m [37m<-- GET /wd/hub/session/23b218fb-0b92-45f5-9775-f163db52481c/screenshot [39m[32m200[39m [90m962 ms - 1217740[39m
[35m[HTTP][39m [90m[39m
[35m[HTTP][39m [37m-->[39m [37mPOST[39m [37m/wd/hub/session/23b218fb-0b92-45f5-9775-f163db52481c/elements[39m
[35m[HTTP][39m [90m{"using":"xpath","value":"//*[@class = 'android.widget.LinearLayout' and (@text = '' or . = '')]"}[39m
[35m[HTTP][39m [37m<-- POST /wd/hub/session/23b218fb-0b92-45f5-9775-f163db52481c/elements [39m[32m200[39m [90m321 ms - 5131[39m
[35m[HTTP][39m [90m[39m
[35m[HTTP][39m [37m-->[39m [37mPOST[39m [37m/wd/hub/session/23b218fb-0b92-45f5-9775-f163db52481c/elements[39m
[35m[HTTP][39m [90m{"using":"-android uiautomator","value":"new UiSelector().className(\"android.widget.LinearLayout\")"}[39m
[35m[HTTP][39m [37m<-- POST /wd/hub/session/23b218fb-0b92-45f5-9775-f163db52481c/elements [39m[32m200[39m [90m439 ms - 5131[39m
[35m[HTTP][39m [90m[39m
[35m[HTTP][39m [37m-->[39m [37mGET[39m [37m/wd/hub/session/23b218fb-0b92-45f5-9775-f163db52481c/window/rect[39m
[35m[HTTP][39m [90m{}[39m
[35m[HTTP][39m [37m<-- GET /wd/hub/session/23b218fb-0b92-45f5-9775-f163db52481c/window/rect [39m[32m200[39m [90m14 ms - 50[39m
[35m[HTTP][39m [90m[39m
[35m[HTTP][39m [37m-->[39m [37mPOST[39m [37m/wd/hub/session/23b218fb-0b92-45f5-9775-f163db52481c/elements[39m
[35m[HTTP][39m [90m{"using":"xpath","value":"//hierarchy/android.widget.FrameLayout[1]/android.widget.LinearLayout[1]/android.widget.FrameLayout[1]/android.widget.LinearLayout[1]/android.widget.FrameLayout[1]/android.widget.LinearLayout[1]/android.widget.FrameLayout[1]/androidx.recyclerview.widget.RecyclerView[1]/android.widget.LinearLayout[1]/android.widget.LinearLayout[1]/android.widget.LinearLayout[2]"}[39m
[35m[HTTP][39m [37m<-- POST /wd/hub/session/23b218fb-0b92-45f5-9775-f163db52481c/elements [39m[32m200[39m [90m245 ms - 139[39m
[35m[HTTP][39m [90m[39m
[35m[HTTP][39m [37m-->[39m [37mGET[39m [37m/wd/hub/session/23b218fb-0b92-45f5-9775-f163db52481c/element/00000000-0000-004d-ffff-ffff000000ac/location[39m
[35m[HTTP][39m [90m{}[39m
[35m[W3C (23b218fb)][39m Driver proxy active, passing request on via HTTP proxy
[35m[WD Proxy][39m Replacing sessionId b13f6c4a-c520-468a-8311-0eff75e3184e with 23b218fb-0b92-45f5-9775-f163db52481c
[35m[HTTP][39m [37m<-- GET /wd/hub/session/23b218fb-0b92-45f5-9775-f163db52481c/element/00000000-0000-004d-ffff-ffff000000ac/location [39m[32m200[39m [90m35 ms - 78[39m
[35m[HTTP][39m [90m[39m
[35m[HTTP][39m [37m-->[39m [37mPOST[39m [37m/wd/hub/session/23b218fb-0b92-45f5-9775-f163db52481c/element/00000000-0000-004d-ffff-ffff000000ac/click[39m
[35m[HTTP][39m [90m{"id":"00000000-0000-004d-ffff-ffff000000ac"}[39m
[35m[HTTP][39m [37m<-- POST /wd/hub/session/23b218fb-0b92-45f5-9775-f163db52481c/element/00000000-0000-004d-ffff-ffff000000ac/click [39m[32m200[39m [90m88 ms - 14[39m
[35m[HTTP][39m [90m[39m
[35m[HTTP][39m [37m-->[39m [37mGET[39m [37m/wd/hub/session/23b218fb-0b92-45f5-9775-f163db52481c/source[39m
[35m[HTTP][39m [90m{}[39m
[35m[W3C (23b218fb)][39m Driver proxy active, passing request on via HTTP proxy
[35m[WD Proxy][39m Replacing sessionId b13f6c4a-c520-468a-8311-0eff75e3184e with 23b218fb-0b92-45f5-9775-f163db52481c
[35m[HTTP][39m [37m<-- GET /wd/hub/session/23b218fb-0b92-45f5-9775-f163db52481c/source [39m[32m200[39m [90m331 ms - 23328[39m
[35m[HTTP][39m [90m[39m
[35m[HTTP][39m [37m-->[39m [37mGET[39m [37m/wd/hub/session/23b218fb-0b92-45f5-9775-f163db52481c/screenshot[39m
[35m[HTTP][39m [90m{}[39m
[35m[HTTP][39m [37m<-- GET /wd/hub/session/23b218fb-0b92-45f5-9775-f163db52481c/screenshot [39m[32m200[39m [90m773 ms - 815486[39m
[35m[HTTP][39m [90m[39m
[35m[HTTP][39m [37m-->[39m [37mPOST[39m [37m/wd/hub/session/23b218fb-0b92-45f5-9775-f163db52481c/elements[39m
[35m[HTTP][39m [90m{"using":"xpath","value":"//*[@class = 'android.widget.TextView' and (@text = 'Item Location Inquiry' or . = 'Item Location Inquiry') and @resource-id = 'com.qrra.warehousehht.hht:id/tvMenuItemName']"}[39m
[35m[HTTP][39m [37m<-- POST /wd/hub/session/23b218fb-0b92-45f5-9775-f163db52481c/elements [39m[32m200[39m [90m666 ms - 139[39m
[35m[HTTP][39m [90m[39m
[35m[HTTP][39m [37m-->[39m [37mGET[39m [37m/wd/hub/session/23b218fb-0b92-45f5-9775-f163db52481c/window/rect[39m
[35m[HTTP][39m [90m{}[39m
[35m[HTTP][39m [37m<-- GET /wd/hub/session/23b218fb-0b92-45f5-9775-f163db52481c/window/rect [39m[32m200[39m [90m14 ms - 50[39m
[35m[HTTP][39m [90m[39m
[35m[HTTP][39m [37m-->[39m [37mPOST[39m [37m/wd/hub/session/23b218fb-0b92-45f5-9775-f163db52481c/elements[39m
[35m[HTTP][39m [90m{"using":"xpath","value":"//*[@class = 'android.widget.TextView' and (@text = 'Item Location Inquiry' or . = 'Item Location Inquiry') and @resource-id = 'com.qrra.warehousehht.hht:id/tvMenuItemName']"}[39m
[35m[HTTP][39m [37m<-- POST /wd/hub/session/23b218fb-0b92-45f5-9775-f163db52481c/elements [39m[32m200[39m [90m162 ms - 139[39m
[35m[HTTP][39m [90m[39m
[35m[HTTP][39m [37m-->[39m [37mGET[39m [37m/wd/hub/session/23b218fb-0b92-45f5-9775-f163db52481c/element/00000000-0000-004e-ffff-ffff000000ea/location[39m
[35m[HTTP][39m [90m{}[39m
[35m[W3C (23b218fb)][39m Driver proxy active, passing request on via HTTP proxy
[35m[WD Proxy][39m Replacing sessionId b13f6c4a-c520-468a-8311-0eff75e3184e with 23b218fb-0b92-45f5-9775-f163db52481c
[35m[HTTP][39m [37m<-- GET /wd/hub/session/23b218fb-0b92-45f5-9775-f163db52481c/element/00000000-0000-004e-ffff-ffff000000ea/location [39m[32m200[39m [90m20 ms - 79[39m
[35m[HTTP][39m [90m[39m
[35m[HTTP][39m [37m-->[39m [37mPOST[39m [37m/wd/hub/session/23b218fb-0b92-45f5-9775-f163db52481c/element/00000000-0000-004e-ffff-ffff000000ea/click[39m
[35m[HTTP][39m [90m{"id":"00000000-0000-004e-ffff-ffff000000ea"}[39m
[35m[HTTP][39m [37m<-- POST /wd/hub/session/23b218fb-0b92-45f5-9775-f163db52481c/element/00000000-0000-004e-ffff-ffff000000ea/click [39m[32m200[39m [90m721 ms - 14[39m
[35m[HTTP][39m [90m[39m
[35m[HTTP][39m [37m-->[39m [37mGET[39m [37m/wd/hub/session/23b218fb-0b92-45f5-9775-f163db52481c/source[39m
[35m[HTTP][39m [90m{}[39m
[35m[W3C (23b218fb)][39m Driver proxy active, passing request on via HTTP proxy
[35m[WD Proxy][39m Replacing sessionId b13f6c4a-c520-468a-8311-0eff75e3184e with 23b218fb-0b92-45f5-9775-f163db52481c
[35m[HTTP][39m [37m<-- GET /wd/hub/session/23b218fb-0b92-45f5-9775-f163db52481c/source [39m[32m200[39m [90m95 ms - 8770[39m
[35m[HTTP][39m [90m[39m
[35m[HTTP][39m [37m-->[39m [37mGET[39m [37m/wd/hub/session/23b218fb-0b92-45f5-9775-f163db52481c/screenshot[39m
[35m[HTTP][39m [90m{}[39m
[35m[HTTP][39m [37m<-- GET /wd/hub/session/23b218fb-0b92-45f5-9775-f163db52481c/screenshot [39m[32m200[39m [90m525 ms - 87796[39m
[35m[HTTP][39m [90m[39m
[35m[HTTP][39m [37m-->[39m [37mPOST[39m [37m/wd/hub/session/23b218fb-0b92-45f5-9775-f163db52481c/elements[39m
[35m[HTTP][39m [90m{"using":"xpath","value":"//*[@class = 'android.widget.EditText' and (@text = 'SKU Barcode' or . = 'SKU Barcode') and @resource-id = 'com.qrra.warehousehht.hht:id/etSKUId']"}[39m
[35m[HTTP][39m [37m<-- POST /wd/hub/session/23b218fb-0b92-45f5-9775-f163db52481c/elements [39m[32m200[39m [90m124 ms - 139[39m
[35m[HTTP][39m [90m[39m
[35m[HTTP][39m [37m-->[39m [37mGET[39m [37m/wd/hub/session/23b218fb-0b92-45f5-9775-f163db52481c/window/rect[39m
[35m[HTTP][39m [90m{}[39m
[35m[HTTP][39m [37m<-- GET /wd/hub/session/23b218fb-0b92-45f5-9775-f163db52481c/window/rect [39m[32m200[39m [90m29 ms - 50[39m
[35m[HTTP][39m [90m[39m
[35m[HTTP][39m [37m-->[39m [37mPOST[39m [37m/wd/hub/session/23b218fb-0b92-45f5-9775-f163db52481c/elements[39m
[35m[HTTP][39m [90m{"using":"xpath","value":"//*[@class = 'android.widget.EditText' and (@text = 'SKU Barcode' or . = 'SKU Barcode') and @resource-id = 'com.qrra.warehousehht.hht:id/etSKUId']"}[39m
[35m[HTTP][39m [37m<-- POST /wd/hub/session/23b218fb-0b92-45f5-9775-f163db52481c/elements [39m[32m200[39m [90m124 ms - 139[39m
[35m[HTTP][39m [90m[39m
[35m[HTTP][39m [37m-->[39m [37mGET[39m [37m/wd/hub/session/23b218fb-0b92-45f5-9775-f163db52481c/element/00000000-0000-004f-ffff-ffff0000011c/location[39m
[35m[HTTP][39m [90m{}[39m
[35m[W3C (23b218fb)][39m Driver proxy active, passing request on via HTTP proxy
[35m[WD Proxy][39m Replacing sessionId b13f6c4a-c520-468a-8311-0eff75e3184e with 23b218fb-0b92-45f5-9775-f163db52481c
[35m[HTTP][39m [37m<-- GET /wd/hub/session/23b218fb-0b92-45f5-9775-f163db52481c/element/00000000-0000-004f-ffff-ffff0000011c/location [39m[32m200[39m [90m60 ms - 77[39m
[35m[HTTP][39m [90m[39m
[35m[HTTP][39m [37m-->[39m [37mPOST[39m [37m/wd/hub/session/23b218fb-0b92-45f5-9775-f163db52481c/element/00000000-0000-004f-ffff-ffff0000011c/clear[39m
[35m[HTTP][39m [90m{"id":"00000000-0000-004f-ffff-ffff0000011c"}[39m
[35m[HTTP][39m [37m<-- POST /wd/hub/session/23b218fb-0b92-45f5-9775-f163db52481c/element/00000000-0000-004f-ffff-ffff0000011c/clear [39m[32m200[39m [90m73 ms - 14[39m
[35m[HTTP][39m [90m[39m
[35m[HTTP][39m [37m-->[39m [37mPOST[39m [37m/wd/hub/session/23b218fb-0b92-45f5-9775-f163db52481c/element/00000000-0000-004f-ffff-ffff0000011c/value[39m
[35m[HTTP][39m [90m{"id":"00000000-0000-004f-ffff-ffff0000011c","text":"40946","value":["4","0","9","4","6"]}[39m
[35m[HTTP][39m [37m<-- POST /wd/hub/session/23b218fb-0b92-45f5-9775-f163db52481c/element/00000000-0000-004f-ffff-ffff0000011c/value [39m[32m200[39m [90m1300 ms - 14[39m
[35m[HTTP][39m [90m[39m
[35m[HTTP][39m [37m-->[39m [37mGET[39m [37m/wd/hub/session/23b218fb-0b92-45f5-9775-f163db52481c/source[39m
[35m[HTTP][39m [90m{}[39m
[35m[W3C (23b218fb)][39m Driver proxy active, passing request on via HTTP proxy
[35m[WD Proxy][39m Replacing sessionId b13f6c4a-c520-468a-8311-0eff75e3184e with 23b218fb-0b92-45f5-9775-f163db52481c
[35m[HTTP][39m [37m<-- GET /wd/hub/session/23b218fb-0b92-45f5-9775-f163db52481c/source [39m[32m200[39m [90m51 ms - 4704[39m
[35m[HTTP][39m [90m[39m
[35m[HTTP][39m [37m-->[39m [37mGET[39m [37m/wd/hub/session/23b218fb-0b92-45f5-9775-f163db52481c/screenshot[39m
[35m[HTTP][39m [90m{}[39m
[35m[HTTP][39m [37m<-- GET /wd/hub/session/23b218fb-0b92-45f5-9775-f163db52481c/screenshot [39m[32m200[39m [90m554 ms - 102254[39m
[35m[HTTP][39m [90m[39m
[35m[HTTP][39m [37m-->[39m [37mGET[39m [37m/wd/hub/session/23b218fb-0b92-45f5-9775-f163db52481c/context[39m
[35m[HTTP][39m [90m{}[39m
[35m[HTTP][39m [37m<-- GET /wd/hub/session/23b218fb-0b92-45f5-9775-f163db52481c/context [39m[32m200[39m [90m1 ms - 22[39m
[35m[HTTP][39m [90m[39m
[35m[HTTP][39m [37m-->[39m [37mGET[39m [37m/wd/hub/session/23b218fb-0b92-45f5-9775-f163db52481c/contexts[39m
[35m[HTTP][39m [90m{}[39m
[35m[HTTP][39m [37m<-- GET /wd/hub/session/23b218fb-0b92-45f5-9775-f163db52481c/contexts [39m[32m200[39m [90m88 ms - 24[39m
[35m[HTTP][39m [90m[39m
[35m[HTTP][39m [37m-->[39m [37mPOST[39m [37m/wd/hub/session/23b218fb-0b92-45f5-9775-f163db52481c/context[39m
[35m[HTTP][39m [90m{"name":"NATIVE_APP"}[39m
[35m[HTTP][39m [37m<-- POST /wd/hub/session/23b218fb-0b92-45f5-9775-f163db52481c/context [39m[32m200[39m [90m1 ms - 14[39m
[35m[HTTP][39m [90m[39m
[35m[HTTP][39m [37m-->[39m [37mPOST[39m [37m/wd/hub/session/23b218fb-0b92-45f5-9775-f163db52481c/element[39m
[35m[HTTP][39m [90m{"using":"-android uiautomator","value":"new UiScrollable(new UiSelector().scrollable(true).instance(0)).scrollIntoView(new UiSelector().textContains(\"Item Location Inquiry\"))"}[39m
[35m[HTTP][39m [37m<-- POST /wd/hub/session/23b218fb-0b92-45f5-9775-f163db52481c/element [39m[32m200[39m [90m85 ms - 137[39m
[35m[HTTP][39m [90m[39m
[35m[HTTP][39m [37m-->[39m [37mPOST[39m [37m/wd/hub/session/23b218fb-0b92-45f5-9775-f163db52481c/context[39m
[35m[HTTP][39m [90m{"name":"NATIVE_APP"}[39m
[35m[HTTP][39m [37m<-- POST /wd/hub/session/23b218fb-0b92-45f5-9775-f163db52481c/context [39m[32m200[39m [90m1 ms - 14[39m
[35m[HTTP][39m [90m[39m
[35m[HTTP][39m [37m-->[39m [37mGET[39m [37m/wd/hub/session/23b218fb-0b92-45f5-9775-f163db52481c/source[39m
[35m[HTTP][39m [90m{}[39m
[35m[W3C (23b218fb)][39m Driver proxy active, passing request on via HTTP proxy
[35m[WD Proxy][39m Replacing sessionId b13f6c4a-c520-468a-8311-0eff75e3184e with 23b218fb-0b92-45f5-9775-f163db52481c
[35m[HTTP][39m [37m<-- GET /wd/hub/session/23b218fb-0b92-45f5-9775-f163db52481c/source [39m[32m200[39m [90m569 ms - 63873[39m
[35m[HTTP][39m [90m[39m
[35m[HTTP][39m [37m-->[39m [37mGET[39m [37m/wd/hub/session/23b218fb-0b92-45f5-9775-f163db52481c/screenshot[39m
[35m[HTTP][39m [90m{}[39m
[35m[HTTP][39m [37m<-- GET /wd/hub/session/23b218fb-0b92-45f5-9775-f163db52481c/screenshot [39m[32m200[39m [90m626 ms - 436312[39m
[35m[HTTP][39m [90m[39m
[35m[HTTP][39m [37m-->[39m [37mDELETE[39m [37m/wd/hub/session/23b218fb-0b92-45f5-9775-f163db52481c[39m
[35m[HTTP][39m [90m{}[39m
[35m[Appium][39m Removing session 23b218fb-0b92-45f5-9775-f163db52481c from our master session list
[35m[UiAutomator2][39m Restoring hidden api policy to the device default configuration
[35m[HTTP][39m [37m<-- DELETE /wd/hub/session/23b218fb-0b92-45f5-9775-f163db52481c [39m[32m200[39m [90m455 ms - 14[39m
[35m[HTTP][39m [90m[39m
